[503] Service Unavailable
<HTML><HEAD>
<TITLE>Network Error</TITLE>
</HEAD>
<BODY>
<FONT face="Helvetica">
<big><strong></strong></big><BR>
</FONT>
<blockquote>
<TABLE border=0 cellPadding=1 width="80%">
<TR><TD>
<FONT face="Helvetica">
<big>Network Error (tcp_error)</big>
<BR>
<BR>
</FONT>
</TD></TR>
<TR><TD>
<FONT face="Helvetica">
A communication error occurred: ""
</FONT>
</TD></TR>
<TR><TD>
<FONT face="Helvetica">
The Web Server may be down, too busy, or experiencing other problems preventing it from responding to requests. You may wish to try again at a later time.
</FONT>
</TD></TR>
<TR><TD>
<FONT face="Helvetica" SIZE=2>
<BR>
For assistance, contact your network support team.
</FONT>
</TD></TR>
</TABLE>
</blockquote>
</FONT>
</BODY></HTML>


{"url_call":"http://ahorraclima.es/pedido-rapido?rand=1469695913746","is_ajax":1,"action":"loadCarrier","dataType":"html","id_state":"313","postcode":"","city":"","id_address_delivery":null,"async":1,"token":"72025f8ecacf42773743cc007f0ac66c","navigator":"Mozilla/5.0 (Windows NT 6.1; WOW64; rv:45.0) Gecko/20100101 Firefox/45.0"}
----------------------------------------------------------------

