[500] Internal Server Error
<style>
				#psException{font-family: Verdana; font-size: 14px}
				#psException h2{color: #F20000}
				#psException p{padding-left: 20px}
				#psException ul li{margin-bottom: 10px}
				#psException a{font-size: 12px; color: #000000}
				#psException .psTrace, #psException .psArgs{display: none}
				#psException pre{border:1px solid #236B04; background-color:#EAFEE1; padding:5px; font-family:Courier;
				width: 99%; overflow-x: auto; margin-bottom: 30px;}
				#psException .psArgs pre{background-color: #F1FDFE;}
				#psException pre .selected{color: #F20000; font-weight: bold;}
			</style><div id="psException"><h2>[PrestaShopException]</h2><p><b>Property Customer->passwd is empty</b><br /><i>at line </i><b>909</b><i> in file </i><b>classes/ObjectModel.php</b></p><div class="psTrace" id="psTrace_" style="display: block"><pre>904.             }
905. 
906.             $message = $this-&gt;validateField($field, $this-&gt;$field);
907.             if ($message !== true) {
908.                 if ($die) {
<span class="selected">909.                     throw new PrestaShopException($message);
</span>910.                 }
911.                 return $error_return ? $message : false;
912.             }
913.         }
914. 
</pre></div><ul><li><b>ObjectModelCore->validateFields</b> - <a style="font-size: 12px; color: #000000; cursor:pointer; color: blue;"
					onclick="document.getElementById('psTrace_0').style.display =
					(document.getElementById('psTrace_0').style.display != 'block') ? 'block' : 'none';
					return false">[line 246 - classes/ObjectModel.php]</a><div class="psTrace" id="psTrace_0" ><pre>241.      * @return array All object fields
242.      * @throws PrestaShopException
243.      */
244.     public function getFields()
245.     {
<span class="selected">246.         $this-&gt;validateFields();
</span>247.         $fields = $this-&gt;formatFields(self::FORMAT_COMMON);
248. 
249.         // For retro compatibility
250.         if (Shop::isTableAssociated($this-&gt;def['table'])) {
251.             $fields = array_merge($fields, $this-&gt;getFieldsShop());
</pre></div></li><li><b>ObjectModelCore->getFields</b> - <a style="font-size: 12px; color: #000000; cursor:pointer; color: blue;"
					onclick="document.getElementById('psTrace_1').style.display =
					(document.getElementById('psTrace_1').style.display != 'block') ? 'block' : 'none';
					return false">[line 487 - classes/ObjectModel.php]</a><div class="psTrace" id="psTrace_1" ><pre>482. 
483.         // Database insertion
484.         if (Shop::checkIdShopDefault($this-&gt;def['table'])) {
485.             $this-&gt;id_shop_default = (in_array(Configuration::get('PS_SHOP_DEFAULT'), $id_shop_list) == true) ? Configuration::get('PS_SHOP_DEFAULT') : min($id_shop_list);
486.         }
<span class="selected">487.         if (!$result = Db::getInstance()-&gt;insert($this-&gt;def['table'], $this-&gt;getFields(), $null_values)) {
</span>488.             return false;
489.         }
490. 
491.         // Get object id in database
492.         $this-&gt;id = Db::getInstance()-&gt;Insert_ID();
</pre></div></li><li><b>ObjectModelCore->add</b> - <a style="font-size: 12px; color: #000000; cursor:pointer; color: blue;"
					onclick="document.getElementById('psTrace_2').style.display =
					(document.getElementById('psTrace_2').style.display != 'block') ? 'block' : 'none';
					return false">[line 229 - classes/Customer.php]</a> - <a style="font-size: 12px; color: #000000; cursor:pointer; color: blue;"
						onclick="document.getElementById('psArgs_2').style.display =
						(document.getElementById('psArgs_2').style.display != 'block') ? 'block' : 'none';
						return false">[2 Arguments]</a><div class="psTrace" id="psTrace_2" ><pre>224. 
225.         /* Can't create a guest customer, if this feature is disabled */
226.         if ($this-&gt;is_guest &amp;&amp; !Configuration::get('PS_GUEST_CHECKOUT_ENABLED')) {
227.             return false;
228.         }
<span class="selected">229.         $success = parent::add($autodate, $null_values);
</span>230.         $this-&gt;updateGroup($this-&gt;groupBox);
231.         return $success;
232.     }
233. 
234.     public function update($nullValues = false)
</pre></div><div class="psArgs" id="psArgs_2"><pre><b>Argument [0]</b>
1
<b>Argument [1]</b>
1
</pre></li><li><b>CustomerCore->add</b> - <a style="font-size: 12px; color: #000000; cursor:pointer; color: blue;"
					onclick="document.getElementById('psTrace_3').style.display =
					(document.getElementById('psTrace_3').style.display != 'block') ? 'block' : 'none';
					return false">[line 3153 - modules/onepagecheckoutps/onepagecheckoutps.php]</a><div class="psTrace" id="psTrace_3" ><pre>3148.             //New Guest customer
3149.             if (Tools::getIsset('is_new_customer') &amp;&amp; Configuration::get('PS_GUEST_CHECKOUT_ENABLED')) {
3150.                 $customer-&gt;is_guest = Tools::getValue('is_new_customer');
3151.             }
3152. 
<span class="selected">3153.             if (!$customer-&gt;add()) {
</span>3154.                 $this-&gt;errors[] = $this-&gt;l('An error occurred while creating your account.');
3155.             } else {
3156.                 $customer-&gt;cleanGroups();
3157. 
3158.                 if ($this-&gt;config_vars['OPC_CHOICE_GROUP_CUSTOMER'] &amp;&amp; Tools::getIsset('group_customer')) {
</pre></div></li><li><b>OnePageCheckoutPS->createCustomer</b> - <a style="font-size: 12px; color: #000000; cursor:pointer; color: blue;"
					onclick="document.getElementById('psTrace_4').style.display =
					(document.getElementById('psTrace_4').style.display != 'block') ? 'block' : 'none';
					return false">[line 3079 - modules/onepagecheckoutps/onepagecheckoutps.php]</a> - <a style="font-size: 12px; color: #000000; cursor:pointer; color: blue;"
						onclick="document.getElementById('psArgs_4').style.display =
						(document.getElementById('psArgs_4').style.display != 'block') ? 'block' : 'none';
						return false">[5 Arguments]</a><div class="psTrace" id="psTrace_4" ><pre>3074.         $password         = null;
3075.         $is_set_invoice   = null;
3076. 
3077.         $this-&gt;validateFields($fields, $customer, $address_delivery, $address_invoice, $password, $is_set_invoice);
3078.         if (!count($this-&gt;errors)) {
<span class="selected">3079.             $this-&gt;createCustomer($customer, $address_delivery, $address_invoice, $password, $is_set_invoice);
</span>3080.             if (!count($this-&gt;errors)) {
3081.                 $results = array(
3082.                     'isSaved'             =&gt; true,
3083.                     'isGuest'             =&gt; $customer-&gt;is_guest,
3084.                     'id_customer'         =&gt; (int) $customer-&gt;id,
</pre></div><div class="psArgs" id="psArgs_4"><pre><b>Argument [0]</b>
Customer Object
(
    [id] =&gt; 
    [id_shop] =&gt; 1
    [id_shop_group] =&gt; 1
    [secure_key] =&gt; 339b80b5320ee5904c65998c973b2e04
    [note] =&gt; 
    [id_gender] =&gt; 0
    [id_default_group] =&gt; 3
    [id_lang] =&gt; 1
    [lastname] =&gt; Salto Saura
    [firstname] =&gt; Pilar
    [birthday] =&gt; 
    [email] =&gt; ravica63@gmail.com
    [newsletter] =&gt; 
    [ip_registration_newsletter] =&gt; 
    [newsletter_date_add] =&gt; 
    [optin] =&gt; 
    [website] =&gt; 
    [company] =&gt; 
    [siret] =&gt; 
    [ape] =&gt; 
    [outstanding_allow_amount] =&gt; 0
    [show_public_prices] =&gt; 0
    [id_risk] =&gt; 
    [max_payment_days] =&gt; 0
    [passwd] =&gt; 
    [last_passwd_gen] =&gt; 2017-12-05 06:38:27
    [active] =&gt; 1
    [is_guest] =&gt; 0
    [deleted] =&gt; 0
    [date_add] =&gt; 2017-12-05 12:38:27
    [date_upd] =&gt; 2017-12-05 12:38:27
    [years] =&gt; 
    [days] =&gt; 
    [months] =&gt; 
    [geoloc_id_country] =&gt; 
    [geoloc_id_state] =&gt; 
    [geoloc_postcode] =&gt; 
    [logged] =&gt; 0
    [id_guest] =&gt; 
    [groupBox] =&gt; 
    [webserviceParameters:protected] =&gt; Array
        (
            [fields] =&gt; Array
                (
                    [id_default_group] =&gt; Array
                        (
                            [xlink_resource] =&gt; groups
                        )

                    [id_lang] =&gt; Array
                        (
                            [xlink_resource] =&gt; languages
                        )

                    [newsletter_date_add] =&gt; Array
                        (
                        )

                    [ip_registration_newsletter] =&gt; Array
                        (
                        )

                    [last_passwd_gen] =&gt; Array
                        (
                            [setter] =&gt; 
                        )

                    [secure_key] =&gt; Array
                        (
                            [setter] =&gt; 
                        )

                    [deleted] =&gt; Array
                        (
                        )

                    [passwd] =&gt; Array
                        (
                            [setter] =&gt; setWsPasswd
                        )

                )

            [associations] =&gt; Array
                (
                    [groups] =&gt; Array
                        (
                            [resource] =&gt; group
                        )

                )

        )

    [id_shop_list] =&gt; 
    [get_shop_from_context:protected] =&gt; 1
    [table:protected] =&gt; customer
    [identifier:protected] =&gt; id_customer
    [fieldsRequired:protected] =&gt; Array
        (
            [0] =&gt; lastname
            [1] =&gt; firstname
            [2] =&gt; email
            [3] =&gt; passwd
        )

    [fieldsSize:protected] =&gt; Array
        (
            [lastname] =&gt; 32
            [firstname] =&gt; 32
            [email] =&gt; 128
            [passwd] =&gt; 32
            [note] =&gt; 65000
        )

    [fieldsValidate:protected] =&gt; Array
        (
            [secure_key] =&gt; isMd5
            [lastname] =&gt; isName
            [firstname] =&gt; isName
            [email] =&gt; isEmail
            [passwd] =&gt; isPasswd
            [id_gender] =&gt; isUnsignedId
            [birthday] =&gt; isBirthDate
            [newsletter] =&gt; isBool
            [optin] =&gt; isBool
            [website] =&gt; isUrl
            [company] =&gt; isGenericName
            [siret] =&gt; isSiret
            [ape] =&gt; isApe
            [outstanding_allow_amount] =&gt; isFloat
            [show_public_prices] =&gt; isBool
            [id_risk] =&gt; isUnsignedInt
            [max_payment_days] =&gt; isUnsignedInt
            [active] =&gt; isBool
            [deleted] =&gt; isBool
            [note] =&gt; isCleanHtml
            [is_guest] =&gt; isBool
            [id_shop] =&gt; isUnsignedId
            [id_shop_group] =&gt; isUnsignedId
            [id_lang] =&gt; isUnsignedId
            [date_add] =&gt; isDate
            [date_upd] =&gt; isDate
        )

    [fieldsRequiredLang:protected] =&gt; Array
        (
        )

    [fieldsSizeLang:protected] =&gt; Array
        (
        )

    [fieldsValidateLang:protected] =&gt; Array
        (
        )

    [tables:protected] =&gt; Array
        (
        )

    [image_dir:protected] =&gt; 
    [image_format:protected] =&gt; jpg
    [def:protected] =&gt; Array
        (
            [table] =&gt; customer
            [primary] =&gt; id_customer
            [fields] =&gt; Array
                (
                    [secure_key] =&gt; Array
                        (
                            [type] =&gt; 3
                            [validate] =&gt; isMd5
                            [copy_post] =&gt; 
                        )

                    [lastname] =&gt; Array
                        (
                            [type] =&gt; 3
                            [validate] =&gt; isName
                            [required] =&gt; 1
                            [size] =&gt; 32
                        )

                    [firstname] =&gt; Array
                        (
                            [type] =&gt; 3
                            [validate] =&gt; isName
                            [required] =&gt; 1
                            [size] =&gt; 32
                        )

                    [email] =&gt; Array
                        (
                            [type] =&gt; 3
                            [validate] =&gt; isEmail
                            [required] =&gt; 1
                            [size] =&gt; 128
                        )

                    [passwd] =&gt; Array
                        (
                            [type] =&gt; 3
                            [validate] =&gt; isPasswd
                            [required] =&gt; 1
                            [size] =&gt; 32
                        )

                    [last_passwd_gen] =&gt; Array
                        (
                            [type] =&gt; 3
                            [copy_post] =&gt; 
                        )

                    [id_gender] =&gt; Array
                        (
                            [type] =&gt; 1
                            [validate] =&gt; isUnsignedId
                        )

                    [birthday] =&gt; Array
                        (
                            [type] =&gt; 5
                            [validate] =&gt; isBirthDate
                        )

                    [newsletter] =&gt; Array
                        (
                            [type] =&gt; 2
                            [validate] =&gt; isBool
                        )

                    [newsletter_date_add] =&gt; Array
                        (
                            [type] =&gt; 5
                            [copy_post] =&gt; 
                        )

                    [ip_registration_newsletter] =&gt; Array
                        (
                            [type] =&gt; 3
                            [copy_post] =&gt; 
                        )

                    [optin] =&gt; Array
                        (
                            [type] =&gt; 2
                            [validate] =&gt; isBool
                        )

                    [website] =&gt; Array
                        (
                            [type] =&gt; 3
                            [validate] =&gt; isUrl
                        )

                    [company] =&gt; Array
                        (
                            [type] =&gt; 3
                            [validate] =&gt; isGenericName
                        )

                    [siret] =&gt; Array
                        (
                            [type] =&gt; 3
                            [validate] =&gt; isSiret
                        )

                    [ape] =&gt; Array
                        (
                            [type] =&gt; 3
                            [validate] =&gt; isApe
                        )

                    [outstanding_allow_amount] =&gt; Array
                        (
                            [type] =&gt; 4
                            [validate] =&gt; isFloat
                            [copy_post] =&gt; 
                        )

                    [show_public_prices] =&gt; Array
                        (
                            [type] =&gt; 2
                            [validate] =&gt; isBool
                            [copy_post] =&gt; 
                        )

                    [id_risk] =&gt; Array
                        (
                            [type] =&gt; 1
                            [validate] =&gt; isUnsignedInt
                            [copy_post] =&gt; 
                        )

                    [max_payment_days] =&gt; Array
                        (
                            [type] =&gt; 1
                            [validate] =&gt; isUnsignedInt
                            [copy_post] =&gt; 
                        )

                    [active] =&gt; Array
                        (
                            [type] =&gt; 2
                            [validate] =&gt; isBool
                            [copy_post] =&gt; 
                        )

                    [deleted] =&gt; Array
                        (
                            [type] =&gt; 2
                            [validate] =&gt; isBool
                            [copy_post] =&gt; 
                        )

                    [note] =&gt; Array
                        (
                            [type] =&gt; 6
                            [validate] =&gt; isCleanHtml
                            [size] =&gt; 65000
                            [copy_post] =&gt; 
                        )

                    [is_guest] =&gt; Array
                        (
                            [type] =&gt; 2
                            [validate] =&gt; isBool
                            [copy_post] =&gt; 
                        )

                    [id_shop] =&gt; Array
                        (
                            [type] =&gt; 1
                            [validate] =&gt; isUnsignedId
                            [copy_post] =&gt; 
                        )

                    [id_shop_group] =&gt; Array
                        (
                            [type] =&gt; 1
                            [validate] =&gt; isUnsignedId
                            [copy_post] =&gt; 
                        )

                    [id_default_group] =&gt; Array
                        (
                            [type] =&gt; 1
                            [copy_post] =&gt; 
                        )

                    [id_lang] =&gt; Array
                        (
                            [type] =&gt; 1
                            [validate] =&gt; isUnsignedId
                            [copy_post] =&gt; 
                        )

                    [date_add] =&gt; Array
                        (
                            [type] =&gt; 5
                            [validate] =&gt; isDate
                            [copy_post] =&gt; 
                        )

                    [date_upd] =&gt; Array
                        (
                            [type] =&gt; 5
                            [validate] =&gt; isDate
                            [copy_post] =&gt; 
                        )

                )

            [classname] =&gt; Customer
        )

    [update_fields:protected] =&gt; 
    [force_id] =&gt; 
)

<b>Argument [1]</b>
Address Object
(
    [id_customer] =&gt; 
    [id_manufacturer] =&gt; 
    [id_supplier] =&gt; 
    [id_warehouse] =&gt; 
    [id_country] =&gt; 6
    [id_state] =&gt; 322
    [country] =&gt; 
    [alias] =&gt; 
    [company] =&gt; 
    [lastname] =&gt; .
    [firstname] =&gt; .
    [address1] =&gt; Calvet 67-69,piso 7&ordm;-1&ordf;
    [address2] =&gt; 
    [postcode] =&gt; 08021
    [city] =&gt; Barcelona
    [other] =&gt; 
    [phone] =&gt; 931863815
    [phone_mobile] =&gt; 676905483
    [vat_number] =&gt; 
    [dni] =&gt; 39865505
    [date_add] =&gt; 2017-12-05 12:38:27
    [date_upd] =&gt; 2017-12-05 12:38:27
    [deleted] =&gt; 0
    [_includeVars:protected] =&gt; Array
        (
            [addressType] =&gt; table
        )

    [_includeContainer:protected] =&gt; 
    [webserviceParameters:protected] =&gt; Array
        (
            [objectsNodeName] =&gt; addresses
            [fields] =&gt; Array
                (
                    [id_customer] =&gt; Array
                        (
                            [xlink_resource] =&gt; customers
                        )

                    [id_manufacturer] =&gt; Array
                        (
                            [xlink_resource] =&gt; manufacturers
                        )

                    [id_supplier] =&gt; Array
                        (
                            [xlink_resource] =&gt; suppliers
                        )

                    [id_warehouse] =&gt; Array
                        (
                            [xlink_resource] =&gt; warehouse
                        )

                    [id_country] =&gt; Array
                        (
                            [xlink_resource] =&gt; countries
                        )

                    [id_state] =&gt; Array
                        (
                            [xlink_resource] =&gt; states
                        )

                )

        )

    [id] =&gt; 
    [id_lang:protected] =&gt; 
    [id_shop:protected] =&gt; 
    [id_shop_list] =&gt; 
    [get_shop_from_context:protected] =&gt; 1
    [table:protected] =&gt; address
    [identifier:protected] =&gt; id_address
    [fieldsRequired:protected] =&gt; Array
        (
            [0] =&gt; id_country
            [1] =&gt; alias
            [2] =&gt; lastname
            [3] =&gt; firstname
            [4] =&gt; address1
            [5] =&gt; city
        )

    [fieldsSize:protected] =&gt; Array
        (
            [alias] =&gt; 32
            [company] =&gt; 64
            [lastname] =&gt; 32
            [firstname] =&gt; 32
            [address1] =&gt; 128
            [address2] =&gt; 128
            [postcode] =&gt; 12
            [city] =&gt; 64
            [other] =&gt; 300
            [phone] =&gt; 32
            [phone_mobile] =&gt; 32
            [dni] =&gt; 16
        )

    [fieldsValidate:protected] =&gt; Array
        (
            [id_customer] =&gt; isNullOrUnsignedId
            [id_manufacturer] =&gt; isNullOrUnsignedId
            [id_supplier] =&gt; isNullOrUnsignedId
            [id_warehouse] =&gt; isNullOrUnsignedId
            [id_country] =&gt; isUnsignedId
            [id_state] =&gt; isNullOrUnsignedId
            [alias] =&gt; isGenericName
            [company] =&gt; isGenericName
            [lastname] =&gt; isName
            [firstname] =&gt; isName
            [vat_number] =&gt; isGenericName
            [address1] =&gt; isAddress
            [address2] =&gt; isAddress
            [postcode] =&gt; isPostCode
            [city] =&gt; isCityName
            [other] =&gt; isMessage
            [phone] =&gt; isPhoneNumber
            [phone_mobile] =&gt; isPhoneNumber
            [dni] =&gt; isDniLite
            [deleted] =&gt; isBool
            [date_add] =&gt; isDate
            [date_upd] =&gt; isDate
        )

    [fieldsRequiredLang:protected] =&gt; Array
        (
        )

    [fieldsSizeLang:protected] =&gt; Array
        (
        )

    [fieldsValidateLang:protected] =&gt; Array
        (
        )

    [tables:protected] =&gt; Array
        (
        )

    [image_dir:protected] =&gt; 
    [image_format:protected] =&gt; jpg
    [def:protected] =&gt; Array
        (
            [table] =&gt; address
            [primary] =&gt; id_address
            [fields] =&gt; Array
                (
                    [id_customer] =&gt; Array
                        (
                            [type] =&gt; 1
                            [validate] =&gt; isNullOrUnsignedId
                            [copy_post] =&gt; 
                        )

                    [id_manufacturer] =&gt; Array
                        (
                            [type] =&gt; 1
                            [validate] =&gt; isNullOrUnsignedId
                            [copy_post] =&gt; 
                        )

                    [id_supplier] =&gt; Array
                        (
                            [type] =&gt; 1
                            [validate] =&gt; isNullOrUnsignedId
                            [copy_post] =&gt; 
                        )

                    [id_warehouse] =&gt; Array
                        (
                            [type] =&gt; 1
                            [validate] =&gt; isNullOrUnsignedId
                            [copy_post] =&gt; 
                        )

                    [id_country] =&gt; Array
                        (
                            [type] =&gt; 1
                            [validate] =&gt; isUnsignedId
                            [required] =&gt; 1
                        )

                    [id_state] =&gt; Array
                        (
                            [type] =&gt; 1
                            [validate] =&gt; isNullOrUnsignedId
                        )

                    [alias] =&gt; Array
                        (
                            [type] =&gt; 3
                            [validate] =&gt; isGenericName
                            [required] =&gt; 1
                            [size] =&gt; 32
                        )

                    [company] =&gt; Array
                        (
                            [type] =&gt; 3
                            [validate] =&gt; isGenericName
                            [size] =&gt; 64
                        )

                    [lastname] =&gt; Array
                        (
                            [type] =&gt; 3
                            [validate] =&gt; isName
                            [required] =&gt; 1
                            [size] =&gt; 32
                        )

                    [firstname] =&gt; Array
                        (
                            [type] =&gt; 3
                            [validate] =&gt; isName
                            [required] =&gt; 1
                            [size] =&gt; 32
                        )

                    [vat_number] =&gt; Array
                        (
                            [type] =&gt; 3
                            [validate] =&gt; isGenericName
                        )

                    [address1] =&gt; Array
                        (
                            [type] =&gt; 3
                            [validate] =&gt; isAddress
                            [required] =&gt; 1
                            [size] =&gt; 128
                        )

                    [address2] =&gt; Array
                        (
                            [type] =&gt; 3
                            [validate] =&gt; isAddress
                            [size] =&gt; 128
                        )

                    [postcode] =&gt; Array
                        (
                            [type] =&gt; 3
                            [validate] =&gt; isPostCode
                            [size] =&gt; 12
                        )

                    [city] =&gt; Array
                        (
                            [type] =&gt; 3
                            [validate] =&gt; isCityName
                            [required] =&gt; 1
                            [size] =&gt; 64
                        )

                    [other] =&gt; Array
                        (
                            [type] =&gt; 3
                            [validate] =&gt; isMessage
                            [size] =&gt; 300
                        )

                    [phone] =&gt; Array
                        (
                            [type] =&gt; 3
                            [validate] =&gt; isPhoneNumber
                            [size] =&gt; 32
                        )

                    [phone_mobile] =&gt; Array
                        (
                            [type] =&gt; 3
                            [validate] =&gt; isPhoneNumber
                            [size] =&gt; 32
                        )

                    [dni] =&gt; Array
                        (
                            [type] =&gt; 3
                            [validate] =&gt; isDniLite
                            [size] =&gt; 16
                        )

                    [deleted] =&gt; Array
                        (
                            [type] =&gt; 2
                            [validate] =&gt; isBool
                            [copy_post] =&gt; 
                        )

                    [date_add] =&gt; Array
                        (
                            [type] =&gt; 5
                            [validate] =&gt; isDate
                            [copy_post] =&gt; 
                        )

                    [date_upd] =&gt; Array
                        (
                            [type] =&gt; 5
                            [validate] =&gt; isDate
                            [copy_post] =&gt; 
                        )

                )

            [classname] =&gt; Address
        )

    [update_fields:protected] =&gt; 
    [force_id] =&gt; 
)

<b>Argument [2]</b>
Address Object
(
    [id_customer] =&gt; 
    [id_manufacturer] =&gt; 
    [id_supplier] =&gt; 
    [id_warehouse] =&gt; 
    [id_country] =&gt; 6
    [id_state] =&gt; 322
    [country] =&gt; 
    [alias] =&gt; 
    [company] =&gt; Sra.
    [lastname] =&gt; Salto Saura
    [firstname] =&gt; M Pilar
    [address1] =&gt; c/ Gran 8, bajos
    [address2] =&gt; 
    [postcode] =&gt; 08295
    [city] =&gt; San Vicen&ccedil; de Castellet
    [other] =&gt; 
    [phone] =&gt; 
    [phone_mobile] =&gt; 676905483
    [vat_number] =&gt; 
    [dni] =&gt; 39865505
    [date_add] =&gt; 2017-12-05 12:38:27
    [date_upd] =&gt; 2017-12-05 12:38:27
    [deleted] =&gt; 0
    [_includeVars:protected] =&gt; Array
        (
            [addressType] =&gt; table
        )

    [_includeContainer:protected] =&gt; 
    [webserviceParameters:protected] =&gt; Array
        (
            [objectsNodeName] =&gt; addresses
            [fields] =&gt; Array
                (
                    [id_customer] =&gt; Array
                        (
                            [xlink_resource] =&gt; customers
                        )

                    [id_manufacturer] =&gt; Array
                        (
                            [xlink_resource] =&gt; manufacturers
                        )

                    [id_supplier] =&gt; Array
                        (
                            [xlink_resource] =&gt; suppliers
                        )

                    [id_warehouse] =&gt; Array
                        (
                            [xlink_resource] =&gt; warehouse
                        )

                    [id_country] =&gt; Array
                        (
                            [xlink_resource] =&gt; countries
                        )

                    [id_state] =&gt; Array
                        (
                            [xlink_resource] =&gt; states
                        )

                )

        )

    [id] =&gt; 
    [id_lang:protected] =&gt; 
    [id_shop:protected] =&gt; 
    [id_shop_list] =&gt; 
    [get_shop_from_context:protected] =&gt; 1
    [table:protected] =&gt; address
    [identifier:protected] =&gt; id_address
    [fieldsRequired:protected] =&gt; Array
        (
            [0] =&gt; id_country
            [1] =&gt; alias
            [2] =&gt; lastname
            [3] =&gt; firstname
            [4] =&gt; address1
            [5] =&gt; city
        )

    [fieldsSize:protected] =&gt; Array
        (
            [alias] =&gt; 32
            [company] =&gt; 64
            [lastname] =&gt; 32
            [firstname] =&gt; 32
            [address1] =&gt; 128
            [address2] =&gt; 128
            [postcode] =&gt; 12
            [city] =&gt; 64
            [other] =&gt; 300
            [phone] =&gt; 32
            [phone_mobile] =&gt; 32
            [dni] =&gt; 16
        )

    [fieldsValidate:protected] =&gt; Array
        (
            [id_customer] =&gt; isNullOrUnsignedId
            [id_manufacturer] =&gt; isNullOrUnsignedId
            [id_supplier] =&gt; isNullOrUnsignedId
            [id_warehouse] =&gt; isNullOrUnsignedId
            [id_country] =&gt; isUnsignedId
            [id_state] =&gt; isNullOrUnsignedId
            [alias] =&gt; isGenericName
            [company] =&gt; isGenericName
            [lastname] =&gt; isName
            [firstname] =&gt; isName
            [vat_number] =&gt; isGenericName
            [address1] =&gt; isAddress
            [address2] =&gt; isAddress
            [postcode] =&gt; isPostCode
            [city] =&gt; isCityName
            [other] =&gt; isMessage
            [phone] =&gt; isPhoneNumber
            [phone_mobile] =&gt; isPhoneNumber
            [dni] =&gt; isDniLite
            [deleted] =&gt; isBool
            [date_add] =&gt; isDate
            [date_upd] =&gt; isDate
        )

    [fieldsRequiredLang:protected] =&gt; Array
        (
        )

    [fieldsSizeLang:protected] =&gt; Array
        (
        )

    [fieldsValidateLang:protected] =&gt; Array
        (
        )

    [tables:protected] =&gt; Array
        (
        )

    [image_dir:protected] =&gt; 
    [image_format:protected] =&gt; jpg
    [def:protected] =&gt; Array
        (
            [table] =&gt; address
            [primary] =&gt; id_address
            [fields] =&gt; Array
                (
                    [id_customer] =&gt; Array
                        (
                            [type] =&gt; 1
                            [validate] =&gt; isNullOrUnsignedId
                            [copy_post] =&gt; 
                        )

                    [id_manufacturer] =&gt; Array
                        (
                            [type] =&gt; 1
                            [validate] =&gt; isNullOrUnsignedId
                            [copy_post] =&gt; 
                        )

                    [id_supplier] =&gt; Array
                        (
                            [type] =&gt; 1
                            [validate] =&gt; isNullOrUnsignedId
                            [copy_post] =&gt; 
                        )

                    [id_warehouse] =&gt; Array
                        (
                            [type] =&gt; 1
                            [validate] =&gt; isNullOrUnsignedId
                            [copy_post] =&gt; 
                        )

                    [id_country] =&gt; Array
                        (
                            [type] =&gt; 1
                            [validate] =&gt; isUnsignedId
                            [required] =&gt; 1
                        )

                    [id_state] =&gt; Array
                        (
                            [type] =&gt; 1
                            [validate] =&gt; isNullOrUnsignedId
                        )

                    [alias] =&gt; Array
                        (
                            [type] =&gt; 3
                            [validate] =&gt; isGenericName
                            [required] =&gt; 1
                            [size] =&gt; 32
                        )

                    [company] =&gt; Array
                        (
                            [type] =&gt; 3
                            [validate] =&gt; isGenericName
                            [size] =&gt; 64
                        )

                    [lastname] =&gt; Array
                        (
                            [type] =&gt; 3
                            [validate] =&gt; isName
                            [required] =&gt; 1
                            [size] =&gt; 32
                        )

                    [firstname] =&gt; Array
                        (
                            [type] =&gt; 3
                            [validate] =&gt; isName
                            [required] =&gt; 1
                            [size] =&gt; 32
                        )

                    [vat_number] =&gt; Array
                        (
                            [type] =&gt; 3
                            [validate] =&gt; isGenericName
                        )

                    [address1] =&gt; Array
                        (
                            [type] =&gt; 3
                            [validate] =&gt; isAddress
                            [required] =&gt; 1
                            [size] =&gt; 128
                        )

                    [address2] =&gt; Array
                        (
                            [type] =&gt; 3
                            [validate] =&gt; isAddress
                            [size] =&gt; 128
                        )

                    [postcode] =&gt; Array
                        (
                            [type] =&gt; 3
                            [validate] =&gt; isPostCode
                            [size] =&gt; 12
                        )

                    [city] =&gt; Array
                        (
                            [type] =&gt; 3
                            [validate] =&gt; isCityName
                            [required] =&gt; 1
                            [size] =&gt; 64
                        )

                    [other] =&gt; Array
                        (
                            [type] =&gt; 3
                            [validate] =&gt; isMessage
                            [size] =&gt; 300
                        )

                    [phone] =&gt; Array
                        (
                            [type] =&gt; 3
                            [validate] =&gt; isPhoneNumber
                            [size] =&gt; 32
                        )

                    [phone_mobile] =&gt; Array
                        (
                            [type] =&gt; 3
                            [validate] =&gt; isPhoneNumber
                            [size] =&gt; 32
                        )

                    [dni] =&gt; Array
                        (
                            [type] =&gt; 3
                            [validate] =&gt; isDniLite
                            [size] =&gt; 16
                        )

                    [deleted] =&gt; Array
                        (
                            [type] =&gt; 2
                            [validate] =&gt; isBool
                            [copy_post] =&gt; 
                        )

                    [date_add] =&gt; Array
                        (
                            [type] =&gt; 5
                            [validate] =&gt; isDate
                            [copy_post] =&gt; 
                        )

                    [date_upd] =&gt; Array
                        (
                            [type] =&gt; 5
                            [validate] =&gt; isDate
                            [copy_post] =&gt; 
                        )

                )

            [classname] =&gt; Address
        )

    [update_fields:protected] =&gt; 
    [force_id] =&gt; 
)

<b>Argument [3]</b>

<b>Argument [4]</b>
1
</pre></li><li><b>OnePageCheckoutPS->createCustomerAjax</b> - <a style="font-size: 12px; color: #000000; cursor:pointer; color: blue;"
					onclick="document.getElementById('psTrace_5').style.display =
					(document.getElementById('psTrace_5').style.display != 'block') ? 'block' : 'none';
					return false">[line 708 - override/controllers/front/OrderOpcController.php]</a><div class="psTrace" id="psTrace_5" ><pre>703.             } elseif (method_exists($this-&gt;onepagecheckoutps, $action)) {
704.                 switch ($data_type) {
705.                     case 'html':
706.                         die($this-&gt;onepagecheckoutps-&gt;$action());
707.                     case 'json':
<span class="selected">708.                         $response = $this-&gt;onepagecheckoutps-&gt;jsonEncode($this-&gt;onepagecheckoutps-&gt;$action());
</span>709.                         die($response);
710.                     default:
711.                         die('Invalid data type.');
712.                 }
713.             } else {
</pre></div></li><li><b>OrderOpcController->postProcess</b> - <a style="font-size: 12px; color: #000000; cursor:pointer; color: blue;"
					onclick="document.getElementById('psTrace_6').style.display =
					(document.getElementById('psTrace_6').style.display != 'block') ? 'block' : 'none';
					return false">[line 178 - classes/controller/Controller.php]</a><div class="psTrace" id="psTrace_6" ><pre>173.             if (!$this-&gt;content_only &amp;&amp; ($this-&gt;display_header || (isset($this-&gt;className) &amp;&amp; $this-&gt;className))) {
174.                 $this-&gt;setMedia();
175.             }
176. 
177.             // postProcess handles ajaxProcess
<span class="selected">178.             $this-&gt;postProcess();
</span>179. 
180.             if (!empty($this-&gt;redirect_after)) {
181.                 $this-&gt;redirect();
182.             }
183. 
</pre></div></li><li><b>ControllerCore->run</b> - <a style="font-size: 12px; color: #000000; cursor:pointer; color: blue;"
					onclick="document.getElementById('psTrace_7').style.display =
					(document.getElementById('psTrace_7').style.display != 'block') ? 'block' : 'none';
					return false">[line 367 - classes/Dispatcher.php]</a><div class="psTrace" id="psTrace_7" ><pre>362.             if (isset($params_hook_action_dispatcher)) {
363.                 Hook::exec('actionDispatcher', $params_hook_action_dispatcher);
364.             }
365. 
366.             // Running controller
<span class="selected">367.             $controller-&gt;run();
</span>368.         } catch (PrestaShopException $e) {
369.             $e-&gt;displayMessage();
370.         }
371.     }
372. 
</pre></div></li><li><b>DispatcherCore->dispatch</b> - <a style="font-size: 12px; color: #000000; cursor:pointer; color: blue;"
					onclick="document.getElementById('psTrace_8').style.display =
					(document.getElementById('psTrace_8').style.display != 'block') ? 'block' : 'none';
					return false">[line 28 - index.php]</a><div class="psTrace" id="psTrace_8" ><pre>23. *  @license    http://opensource.org/licenses/osl-3.0.php  Open Software License (OSL 3.0)
24. *  International Registered Trademark &amp; Property of PrestaShop SA 
25. */
26. 
27. require(dirname(__FILE__).'/config/config.inc.php');
<span class="selected">28. Dispatcher::getInstance()-&gt;dispatch();
</span></pre></div></li></ul></div>

{"url_call":"https://mundojunkers.es/pedido-rapido?rand=1512473907915","is_ajax":1,"dataType":"json","action":"createCustomerAjax","id_customer":"90","id_address_delivery":"","id_address_invoice":null,"is_new_customer":0,"fields_opc":"[{"object":"customer","name":"id","value":"90"},{"object":"customer","name":"firstname","value":"Pilar"},{"object":"customer","name":"lastname","value":"Salto Saura"},{"object":"customer","name":"email","value":"ravica63@gmail.com"},{"object":"customer","name":"passwd","value":"bcn7657hth"},{"object":"delivery","name":"id","value":""},{"object":"delivery","name":"dni","value":"39865505"},{"object":"delivery","name":"address1","value":"Calvet 67-69,piso 7º-1ª"},{"object":"delivery","name":"id_country","value":"6"},{"object":"delivery","name":"postcode","value":"08021"},{"object":"delivery","name":"id_state","value":"322"},{"object":"delivery","name":"city","value":"Barcelona"},{"object":"delivery","name":"phone","value":"931863815"},{"object":"delivery","name":"phone_mobile","value":"676905483"},{"object":"invoice","name":"id","value":""},{"object":"invoice","name":"dni","value":"39865505"},{"object":"invoice","name":"company","value":"Sra."},{"object":"invoice","name":"firstname","value":"M Pilar"},{"object":"invoice","name":"lastname","value":"Salto Saura"},{"object":"invoice","name":"address1","value":"c/ Gran 8, bajos"},{"object":"invoice","name":"id_country","value":"6"},{"object":"invoice","name":"postcode","value":"08295"},{"object":"invoice","name":"id_state","value":"322"},{"object":"invoice","name":"city","value":"San Vicenç de Castellet"},{"object":"invoice","name":"phone","value":""},{"object":"invoice","name":"phone_mobile","value":"676905483"}]","email":"ravica63@gmail.com","quantity_526_113_0_107_hidden":"1","quantity_526_113_0_107":"1","discount_name":"","checkbox_create_account_guest":"on","checkbox_create_invoice_address":"on","delivery_option[107]":"6,","method_payment":"realexredirect","async":1,"token":"9cce36c41dba6c6eccec1c225518b13a","navigator":"Mozilla/5.0 (Windows NT 10.0; Win64; x64) AppleWebKit/537.36 (KHTML, like Gecko) Chrome/62.0.3202.94 Safari/537.36"}
----------------------------------------------------------------

