[504] Gateway Timeout
<html>
<head><title>504 Gateway Time-out</title></head>
<body bgcolor="white">
<center><h1>504 Gateway Time-out</h1></center>
<hr><center>nginx</center>
</body>
</html>


{"url_call":"https://mundojunkers.es/pedido-rapido?rand=1518735857186","is_ajax":1,"action":"loadCarrier","dataType":"html","id_country":"6","id_state":"341","postcode":"25457","city":"Vilosell","id_address_delivery":null,"async":1,"token":"9cce36c41dba6c6eccec1c225518b13a","navigator":"Mozilla/5.0 (Windows NT 6.1; Win64; x64; rv:58.0) Gecko/20100101 Firefox/58.0"}
----------------------------------------------------------------

[504] Gateway Timeout
<html>
<head><title>504 Gateway Time-out</title></head>
<body bgcolor="white">
<center><h1>504 Gateway Time-out</h1></center>
<hr><center>nginx</center>
</body>
</html>


{"url_call":"https://mundojunkers.es/pedido-rapido?rand=1518736024638","is_ajax":1,"dataType":"json","action":"createCustomerAjax","id_customer":"","id_address_delivery":"","id_address_invoice":null,"is_new_customer":0,"fields_opc":"[{"object":"customer","name":"id","value":""},{"object":"customer","name":"firstname","value":"Koen"},{"object":"customer","name":"lastname","value":"Meuwis"},{"object":"customer","name":"email","value":"isa.koen@gmail.com"},{"object":"customer","name":"passwd","value":"159753"},{"object":"delivery","name":"id","value":""},{"object":"delivery","name":"dni","value":"x5262354t"},{"object":"delivery","name":"address1","value":"C/ Raval 6"},{"object":"delivery","name":"id_country","value":"6"},{"object":"delivery","name":"postcode","value":"25457"},{"object":"delivery","name":"id_state","value":"341"},{"object":"delivery","name":"city","value":"Vilosell"},{"object":"delivery","name":"phone","value":""},{"object":"delivery","name":"phone_mobile","value":"686644603"},{"object":"invoice","name":"id","value":""},{"object":"invoice","name":"dni","value":"x5262354t"},{"object":"invoice","name":"company","value":""},{"object":"invoice","name":"firstname","value":"Koen "},{"object":"invoice","name":"lastname","value":"Meuwis"},{"object":"invoice","name":"address1","value":"Calle Marques de campo Sagrado 3, 2-1"},{"object":"invoice","name":"id_country","value":"6"},{"object":"invoice","name":"postcode","value":"08015"},{"object":"invoice","name":"id_state","value":"322"},{"object":"invoice","name":"city","value":"Barcelona"},{"object":"invoice","name":"phone","value":""},{"object":"invoice","name":"phone_mobile","value":"678795014"}]","email":"isa.koen@gmail.com","quantity_574_0_0_486_hidden":"1","quantity_574_0_0_486":"1","discount_name":"","checkbox_create_account_guest":"on","checkbox_create_invoice_address":"on","method_payment":"realexredirect","async":1,"token":"9cce36c41dba6c6eccec1c225518b13a","navigator":"Mozilla/5.0 (Windows NT 6.1; Win64; x64; rv:58.0) Gecko/20100101 Firefox/58.0"}
----------------------------------------------------------------

